[debug] [2023-05-09T13:45:30.069Z] ----------------------------------------------------------------------
[debug] [2023-05-09T13:45:30.071Z] Command:       /opt/homebrew/Cellar/node/19.4.0_1/bin/node /opt/homebrew/bin/firebase init
[debug] [2023-05-09T13:45:30.071Z] CLI Version:   11.30.0
[debug] [2023-05-09T13:45:30.071Z] Platform:      darwin
[debug] [2023-05-09T13:45:30.071Z] Node Version:  v19.4.0
[debug] [2023-05-09T13:45:30.071Z] Time:          Tue May 09 2023 22:45:30 GMT+0900 (日本標準時)
[debug] [2023-05-09T13:45:30.071Z] ----------------------------------------------------------------------
[debug] 
[debug] [2023-05-09T13:45:30.074Z] > command requires scopes: ["email","openid","https://www.googleapis.com/auth/cloudplatformprojects.readonly","https://www.googleapis.com/auth/firebase","https://www.googleapis.com/auth/cloud-platform"]
[debug] [2023-05-09T13:45:30.074Z] > authorizing via signed-in user (rikuphoto0115@gmail.com)
[info] 
     ######## #### ########  ######## ########     ###     ######  ########
     ##        ##  ##     ## ##       ##     ##  ##   ##  ##       ##
     ######    ##  ########  ######   ########  #########  ######  ######
     ##        ##  ##    ##  ##       ##     ## ##     ##       ## ##
     ##       #### ##     ## ######## ########  ##     ##  ######  ########

You're about to initialize a Firebase project in this directory:

  /Users/moritarikuto/veesapp

[info] 
=== Project Setup
[info] 
[info] First, let's associate this project directory with a Firebase project.
[info] You can create multiple project aliases by running firebase use --add, 
[info] but for now we'll just set up a default project.
[info] 
[debug] [2023-05-09T13:48:12.180Z] >>> [apiv2][query] GET https://firebase.googleapis.com/v1beta1/projects pageSize=100
[debug] [2023-05-09T13:48:13.140Z] <<< [apiv2][status] GET https://firebase.googleapis.com/v1beta1/projects 200
[debug] [2023-05-09T13:48:13.140Z] <<< [apiv2][body] GET https://firebase.googleapis.com/v1beta1/projects [omitted]
[info] i  Using project veesapp-83915 (veesapp) 
[info] 
=== Hosting Setup
[info] 
[info] Your public directory is the folder (relative to your project directory) that
[info] will contain Hosting assets to be uploaded with firebase deploy. If you
[info] have a build process for your assets, use your build's output directory.
[info] 
